> Resolving dependencies using Composer Cloud v3.7.1

[3.2MiB/0.17s] Loading composer repositories with package information
[60.0MiB/6.59s] Updating dependencies
[22.5MiB/7.19s] Lock file operations: 189 installs, 0 updates, 0 removals
[22.5MiB/7.19s]   - Locking ausi/slug-generator (v1.1.1)
[22.5MiB/7.19s]   - Locking bacon/bacon-qr-code (2.0.8)
[22.5MiB/7.19s]   - Locking beberlei/assert (v3.3.2)
[22.5MiB/7.19s]   - Locking clue/stream-filter (v1.7.0)
[22.5MiB/7.19s]   - Locking composer/ca-bundle (1.5.1)
[22.5MiB/7.19s]   - Locking contao-components/ace (1.36.2)
[22.5MiB/7.19s]   - Locking contao-components/altcha (0.9.0)
[22.5MiB/7.19s]   - Locking contao-components/chosen (2.0.2)
[22.5MiB/7.19s]   - Locking contao-components/colorbox (1.6.4.2)
[22.5MiB/7.19s]   - Locking contao-components/colorpicker (1.5.3)
[22.5MiB/7.19s]   - Locking contao-components/contao (9.3.6)
[22.5MiB/7.19s]   - Locking contao-components/datepicker (3.0.0)
[22.5MiB/7.19s]   - Locking contao-components/dropzone (5.9.3)
[22.5MiB/7.19s]   - Locking contao-components/handorgel (1.0.0.1)
[22.5MiB/7.19s]   - Locking contao-components/installer (1.4.1)
[22.5MiB/7.19s]   - Locking contao-components/jquery (3.7.1)
[22.5MiB/7.19s]   - Locking contao-components/jquery-ui (1.13.2)
[22.5MiB/7.19s]   - Locking contao-components/mediabox (1.5.4.3)
[22.5MiB/7.19s]   - Locking contao-components/mootools (1.6.0.9)
[22.5MiB/7.19s]   - Locking contao-components/simplemodal (3.0.2)
[22.5MiB/7.19s]   - Locking contao-components/swipe (2.2.2)
[22.5MiB/7.19s]   - Locking contao-components/swiper (11.1.12)
[22.5MiB/7.19s]   - Locking contao-components/tablesort (4.0.2)
[22.5MiB/7.19s]   - Locking contao-components/tablesorter (2.31.3.1)
[22.5MiB/7.19s]   - Locking contao-components/tinymce4 (7.3.0)
[22.5MiB/7.19s]   - Locking contao-components/tristen-tablesort (5.3.1)
[22.5MiB/7.19s]   - Locking contao/calendar-bundle (5.4.1)
[22.5MiB/7.19s]   - Locking contao/comments-bundle (5.4.1)
[22.5MiB/7.19s]   - Locking contao/conflicts (dev-main 3d8f465)
[22.5MiB/7.19s]   - Locking contao/core-bundle (5.4.1)
[22.5MiB/7.19s]   - Locking contao/faq-bundle (5.4.1)
[22.5MiB/7.19s]   - Locking contao/image (1.2.1)
[22.5MiB/7.19s]   - Locking contao/imagine-svg (1.0.3)
[22.5MiB/7.19s]   - Locking contao/listing-bundle (5.4.1)
[22.5MiB/7.19s]   - Locking contao/manager-bundle (5.4.1)
[22.5MiB/7.19s]   - Locking contao/manager-plugin (2.13.2)
[22.5MiB/7.19s]   - Locking contao/news-bundle (5.4.1)
[22.5MiB/7.19s]   - Locking contao/newsletter-bundle (5.4.1)
[22.5MiB/7.19s]   - Locking dasprid/enum (1.0.6)
[22.5MiB/7.19s]   - Locking debril/feed-io (v6.0.3)
[22.5MiB/7.19s]   - Locking dflydev/dot-access-data (v3.0.3)
[22.5MiB/7.19s]   - Locking doctrine/annotations (2.0.1)
[22.5MiB/7.19s]   - Locking doctrine/cache (2.2.0)
[22.5MiB/7.19s]   - Locking doctrine/collections (2.2.2)
[22.5MiB/7.19s]   - Locking doctrine/common (3.4.4)
[22.5MiB/7.19s]   - Locking doctrine/dbal (3.9.0)
[22.5MiB/7.19s]   - Locking doctrine/deprecations (1.1.3)
[22.5MiB/7.19s]   - Locking doctrine/doctrine-bundle (2.13.0)
[22.5MiB/7.19s]   - Locking doctrine/event-manager (2.0.1)
[22.5MiB/7.19s]   - Locking doctrine/inflector (2.0.10)
[22.5MiB/7.19s]   - Locking doctrine/instantiator (2.0.0)
[22.5MiB/7.19s]   - Locking doctrine/lexer (3.0.1)
[22.5MiB/7.19s]   - Locking doctrine/orm (2.19.7)
[22.5MiB/7.19s]   - Locking doctrine/persistence (3.3.3)
[22.5MiB/7.19s]   - Locking doctrine/sql-formatter (1.4.1)
[22.5MiB/7.19s]   - Locking dragonmantank/cron-expression (v2.3.1)
[22.5MiB/7.19s]   - Locking egulias/email-validator (4.0.2)
[22.5MiB/7.19s]   - Locking friendsofsymfony/http-cache (3.1.0)
[22.5MiB/7.19s]   - Locking friendsofsymfony/http-cache-bundle (3.0.1)
[22.5MiB/7.19s]   - Locking guzzlehttp/promises (1.5.3)
[22.5MiB/7.19s]   - Locking imagine/imagine (1.3.5)
[22.5MiB/7.19s]   - Locking knplabs/knp-menu (v3.5.0)
[22.5MiB/7.19s]   - Locking knplabs/knp-menu-bundle (v3.4.2)
[22.5MiB/7.19s]   - Locking knplabs/knp-time-bundle (v2.4.0)
[22.5MiB/7.19s]   - Locking lcobucci/clock (3.0.0)
[22.5MiB/7.19s]   - Locking lcobucci/jwt (5.3.0)
[22.5MiB/7.19s]   - Locking league/commonmark (2.5.3)
[22.5MiB/7.19s]   - Locking league/config (v1.2.0)
[22.5MiB/7.19s]   - Locking league/flysystem (3.28.0)
[22.5MiB/7.19s]   - Locking league/flysystem-bundle (3.3.5)
[22.5MiB/7.19s]   - Locking league/flysystem-local (3.28.0)
[22.5MiB/7.19s]   - Locking league/mime-type-detection (1.15.0)
[22.5MiB/7.19s]   - Locking league/uri (7.4.1)
[22.5MiB/7.19s]   - Locking league/uri-interfaces (7.4.1)
[22.5MiB/7.19s]   - Locking masterminds/html5 (2.9.0)
[22.5MiB/7.19s]   - Locking matthiasmullie/minify (1.3.73)
[22.5MiB/7.19s]   - Locking matthiasmullie/path-converter (1.1.3)
[22.5MiB/7.19s]   - Locking monolog/monolog (3.7.0)
[22.5MiB/7.19s]   - Locking nelmio/cors-bundle (2.5.0)
[22.5MiB/7.19s]   - Locking nelmio/security-bundle (v3.4.0)
[22.5MiB/7.19s]   - Locking nette/schema (v1.3.0)
[22.5MiB/7.19s]   - Locking nette/utils (v4.0.5)
[22.5MiB/7.19s]   - Locking nikic/php-parser (v5.1.0)
[22.5MiB/7.19s]   - Locking nyholm/psr7 (1.8.1)
[22.5MiB/7.19s]   - Locking paragonie/constant_time_encoding (v2.7.0)
[22.5MiB/7.19s]   - Locking php-http/client-common (2.7.1)
[22.5MiB/7.19s]   - Locking php-http/discovery (1.19.4)
[22.5MiB/7.19s]   - Locking php-http/httplug (2.4.0)
[22.5MiB/7.19s]   - Locking php-http/message (1.16.1)
[22.5MiB/7.19s]   - Locking php-http/promise (1.3.1)
[22.5MiB/7.19s]   - Locking phpspec/php-diff (v1.1.3)
[22.5MiB/7.19s]   - Locking psr/cache (3.0.0)
[22.5MiB/7.19s]   - Locking psr/clock (1.0.0)
[22.5MiB/7.19s]   - Locking psr/container (2.0.2)
[22.5MiB/7.19s]   - Locking psr/event-dispatcher (1.0.0)
[22.5MiB/7.19s]   - Locking psr/http-client (1.0.3)
[22.5MiB/7.19s]   - Locking psr/http-factory (1.1.0)
[22.5MiB/7.19s]   - Locking psr/http-message (2.0)
[22.5MiB/7.20s]   - Locking psr/log (3.0.1)
[22.5MiB/7.20s]   - Locking scheb/2fa-backup-code (v6.12.0)
[22.5MiB/7.20s]   - Locking scheb/2fa-bundle (v6.12.0)
[22.5MiB/7.20s]   - Locking scheb/2fa-trusted-device (v6.12.0)
[22.5MiB/7.20s]   - Locking scrivo/highlight.php (v9.18.1.10)
[22.5MiB/7.20s]   - Locking scssphp/scssphp (v1.13.0)
[22.5MiB/7.20s]   - Locking simplepie/simplepie (1.8.0)
[22.5MiB/7.20s]   - Locking spatie/schema-org (3.23.0)
[22.5MiB/7.20s]   - Locking spomky-labs/otphp (v10.0.3)
[22.5MiB/7.20s]   - Locking symfony-cmf/routing (3.0.3)
[22.5MiB/7.20s]   - Locking symfony-cmf/routing-bundle (3.1.0)
[22.5MiB/7.20s]   - Locking symfony/asset (v6.4.8)
[22.5MiB/7.20s]   - Locking symfony/cache (v6.4.11)
[22.5MiB/7.20s]   - Locking symfony/cache-contracts (v3.5.0)
[22.5MiB/7.20s]   - Locking symfony/clock (v6.4.8)
[22.5MiB/7.20s]   - Locking symfony/config (v6.4.8)
[22.5MiB/7.20s]   - Locking symfony/console (v6.4.11)
[22.5MiB/7.20s]   - Locking symfony/css-selector (v6.4.8)
[22.5MiB/7.20s]   - Locking symfony/debug-bundle (v6.4.8)
[22.5MiB/7.20s]   - Locking symfony/dependency-injection (v6.4.11)
[22.5MiB/7.20s]   - Locking symfony/deprecation-contracts (v3.5.0)
[22.5MiB/7.20s]   - Locking symfony/doctrine-bridge (v6.4.11)
[22.5MiB/7.20s]   - Locking symfony/doctrine-messenger (v6.4.11)
[22.5MiB/7.20s]   - Locking symfony/dom-crawler (v6.4.8)
[22.5MiB/7.20s]   - Locking symfony/dotenv (v6.4.10)
[22.5MiB/7.20s]   - Locking symfony/error-handler (v6.4.10)
[22.5MiB/7.20s]   - Locking symfony/event-dispatcher (v6.4.8)
[22.5MiB/7.20s]   - Locking symfony/event-dispatcher-contracts (v3.5.0)
[22.5MiB/7.20s]   - Locking symfony/expression-language (v6.4.11)
[22.5MiB/7.20s]   - Locking symfony/filesystem (v6.4.9)
[22.5MiB/7.20s]   - Locking symfony/finder (v6.4.11)
[22.5MiB/7.20s]   - Locking symfony/framework-bundle (v6.4.10)
[22.5MiB/7.20s]   - Locking symfony/html-sanitizer (v6.4.8)
[22.5MiB/7.20s]   - Locking symfony/http-client (v6.4.11)
[22.5MiB/7.20s]   - Locking symfony/http-client-contracts (v3.5.0)
[22.5MiB/7.20s]   - Locking symfony/http-foundation (v6.4.10)
[22.5MiB/7.20s]   - Locking symfony/http-kernel (v6.4.11)
[22.5MiB/7.20s]   - Locking symfony/intl (v6.4.8)
[22.5MiB/7.20s]   - Locking symfony/lock (v6.4.8)
[22.5MiB/7.20s]   - Locking symfony/mailer (v6.4.9)
[22.5MiB/7.20s]   - Locking symfony/messenger (v6.4.10)
[22.5MiB/7.20s]   - Locking symfony/mime (v6.4.11)
[22.5MiB/7.20s]   - Locking symfony/monolog-bridge (v6.4.8)
[22.5MiB/7.20s]   - Locking symfony/monolog-bundle (v3.10.0)
[22.5MiB/7.20s]   - Locking symfony/options-resolver (v6.4.8)
[22.5MiB/7.20s]   - Locking symfony/password-hasher (v6.4.8)
[22.5MiB/7.20s]   - Locking symfony/polyfill-ctype (v1.30.0)
[22.5MiB/7.20s]   - Locking symfony/polyfill-intl-grapheme (v1.30.0)
[22.5MiB/7.20s]   - Locking symfony/polyfill-intl-idn (v1.30.0)
[22.5MiB/7.20s]   - Locking symfony/polyfill-intl-normalizer (v1.30.0)
[22.5MiB/7.20s]   - Locking symfony/polyfill-mbstring (v1.30.0)
[22.5MiB/7.20s]   - Locking symfony/polyfill-php72 (v1.30.0)
[22.5MiB/7.20s]   - Locking symfony/polyfill-php73 (v1.30.0)
[22.5MiB/7.20s]   - Locking symfony/polyfill-php80 (v1.30.0)
[22.5MiB/7.20s]   - Locking symfony/polyfill-php81 (v1.30.0)
[22.5MiB/7.20s]   - Locking symfony/polyfill-php83 (v1.30.0)
[22.5MiB/7.20s]   - Locking symfony/polyfill-uuid (v1.30.0)
[22.5MiB/7.20s]   - Locking symfony/process (v6.4.8)
[22.5MiB/7.20s]   - Locking symfony/property-access (v6.4.11)
[22.5MiB/7.20s]   - Locking symfony/property-info (v6.4.10)
[22.5MiB/7.20s]   - Locking symfony/rate-limiter (v6.4.8)
[22.5MiB/7.20s]   - Locking symfony/routing (v6.4.11)
[22.5MiB/7.20s]   - Locking symfony/security-bundle (v6.4.11)
[22.5MiB/7.20s]   - Locking symfony/security-core (v6.4.11)
[22.5MiB/7.20s]   - Locking symfony/security-csrf (v6.4.8)
[22.5MiB/7.20s]   - Locking symfony/security-http (v6.4.11)
[22.5MiB/7.20s]   - Locking symfony/service-contracts (v3.5.0)
[22.5MiB/7.20s]   - Locking symfony/stopwatch (v6.4.8)
[22.5MiB/7.20s]   - Locking symfony/string (v6.4.11)
[22.5MiB/7.20s]   - Locking symfony/translation (v6.4.10)
[22.5MiB/7.20s]   - Locking symfony/translation-contracts (v3.5.0)
[22.5MiB/7.20s]   - Locking symfony/twig-bridge (v6.4.11)
[22.5MiB/7.20s]   - Locking symfony/twig-bundle (v6.4.8)
[22.5MiB/7.20s]   - Locking symfony/uid (v6.4.11)
[22.5MiB/7.20s]   - Locking symfony/var-dumper (v6.4.11)
[22.5MiB/7.20s]   - Locking symfony/var-exporter (v6.4.9)
[22.5MiB/7.20s]   - Locking symfony/web-profiler-bundle (v6.4.11)
[22.5MiB/7.20s]   - Locking symfony/yaml (v6.4.11)
[22.5MiB/7.20s]   - Locking terminal42/escargot (1.6.2)
[22.5MiB/7.20s]   - Locking terminal42/service-annotation-bundle (1.2.1)
[22.5MiB/7.20s]   - Locking thecodingmachine/safe (v2.5.0)
[22.5MiB/7.20s]   - Locking tijsverkoyen/css-to-inline-styles (v2.2.7)
[22.5MiB/7.21s]   - Locking toflar/cronjob-supervisor (2.0.1)
[22.5MiB/7.21s]   - Locking toflar/psr6-symfony-http-cache-store (4.2.0)
[22.5MiB/7.21s]   - Locking twig/extra-bundle (v3.12.0)
[22.5MiB/7.21s]   - Locking twig/string-extra (v3.12.0)
[22.5MiB/7.21s]   - Locking twig/twig (v3.12.0)
[22.5MiB/7.21s]   - Locking ua-parser/uap-php (v3.9.14)
[22.5MiB/7.21s]   - Locking webignition/disallowed-character-terminated-string (2.0)
[22.5MiB/7.21s]   - Locking webignition/robots-txt-file (3.0)
[22.5MiB/7.21s]   - Locking wikimedia/less.php (1.8.2)
[22.5MiB/7.22s] Writing lock file
[10.5MiB/7.24s] 34 package suggestions were added by new dependencies, use `composer suggest` to see details.
[11.4MiB/7.44s] No security vulnerability advisories found.
[11.9MiB/7.44s] Memory usage: 11.92MB (peak: 156.88MB), time: 7.45s.
[11.9MiB/7.44s] Finished Composer Cloud resolving.


# Job ID KwDfhjuatEKDDmJG9ctXwnfF6VYny9NbiBHzpMI9sAR7J2Rl1he0sbDeg0lJdIQy1jrV0Rb6o completed in 12 seconds
# Memory usage: 11.92MB (peak: 156.88MB), time: 7.45s.

$ /usr/local/bin/php -q -dmax_execution_time=0 -dmemory_limit=-1 -ddisplay_errors=0 -ddisplay_startup_errors=0 -derror_reporting=0 -dallow_url_fopen=1 -ddisable_functions= -ddate.timezone=UTC /var/www/hrm/public/contao-manager.phar.php composer install --no-dev --no-progress --no-ansi --no-interaction --optimize-autoloader


# Process terminated with exit code 0
# Result: OK
